Start testing: Aug 25 19:51 CDT
----------------------------------------------------------
1/1 Testing: audio-engine-test
1/1 Test: audio-engine-test
Command: "/home/kvitale/ReconsoleApp/build/audio-engine-test"
Directory: /home/kvitale/ReconsoleApp/build
"audio-engine-test" start time: Aug 25 19:51 CDT
Output:
----------------------------------------------------------
AudioEngine directional and LFE routing checks passed.
<end of output>
Test time =   0.00 sec
----------------------------------------------------------
Test Passed.
"audio-engine-test" end time: Aug 25 19:51 CDT
"audio-engine-test" time elapsed: 00:00:00
----------------------------------------------------------

End testing: Aug 25 19:51 CDT
